{
  "RSpec": {
    "coverage": {
      "/home/ceejayski/sample-ruby/tradelink-assesment/server/app/channels/slot_booker_channel.rb": {
        "lines": [
          1,
          1,
          0,
          0,
          0,
          0,
          null,
          null,
          1,
          0,
          null,
          null,
          null,
          null
        ]
      },
      "/home/ceejayski/sample-ruby/tradelink-assesment/server/app/channels/application_cable/channel.rb": {
        "lines": [
          1,
          1,
          null,
          null
        ]
      },
      "/home/ceejayski/sample-ruby/tradelink-assesment/server/spec/models/booked_slot_spec.rb": {
        "lines": [
          null,
          null,
          null,
          null,
          null,
          null,
          null,
          null,
          null,
          null,
          null,
          1,
          null,
          1,
          4,
          2,
          2,
          null,
          1,
          2,
          2,
          1,
          1,
          1,
          1,
          1,
          null,
          1,
          1,
          1,
          1,
          null,
          null,
          1,
          1,
          1,
          null,
          null,
          null,
          null,
          null,
          null
        ]
      },
      "/home/ceejayski/sample-ruby/tradelink-assesment/server/app/models/booked_slot.rb": {
        "lines": [
          null,
          null,
          null,
          null,
          null,
          null,
          null,
          null,
          null,
          null,
          null,
          1,
          null,
          1,
          null,
          null,
          null,
          1,
          1,
          1,
          null,
          null,
          1,
          23,
          21,
          1,
          null,
          null,
          null,
          null,
          null,
          1,
          18,
          null,
          null
        ]
      },
      "/home/ceejayski/sample-ruby/tradelink-assesment/server/app/models/application_record.rb": {
        "lines": [
          1,
          1,
          null
        ]
      },
      "/home/ceejayski/sample-ruby/tradelink-assesment/server/spec/requests/book_slots_spec.rb": {
        "lines": [
          1,
          null,
          1,
          4,
          3,
          1,
          1,
          1,
          1,
          null,
          null,
          1,
          1,
          1,
          1,
          null,
          null,
          1,
          1,
          1,
          1,
          1,
          null,
          1,
          null,
          null,
          1,
          2,
          null,
          1,
          1,
          1,
          1,
          1,
          1,
          1,
          null,
          null,
          null,
          null,
          1,
          1,
          1,
          1,
          null,
          1,
          null,
          null,
          null,
          null,
          null,
          null,
          1,
          null,
          1,
          1,
          null,
          null,
          1,
          null,
          null,
          1,
          1,
          1,
          1,
          null,
          null,
          null,
          null
        ]
      },
      "/home/ceejayski/sample-ruby/tradelink-assesment/server/spec/services/available_time_slot_generator_service_spec.rb": {
        "lines": [
          1,
          null,
          1,
          8,
          13,
          8,
          null,
          1,
          1,
          1,
          null,
          null,
          null,
          1,
          1,
          null,
          1,
          1,
          null,
          null,
          null,
          1,
          6,
          6,
          6,
          null,
          1,
          1,
          1,
          null,
          null,
          1,
          1,
          1,
          null,
          null,
          1,
          1,
          1,
          1,
          null,
          null,
          1,
          1,
          1,
          1,
          null,
          null,
          1,
          1,
          1,
          1,
          null,
          null,
          null,
          null,
          1,
          2,
          2,
          2,
          null,
          1,
          1,
          null,
          null,
          null,
          null,
          1,
          2,
          3,
          null,
          1,
          1,
          1,
          null,
          null,
          1,
          2,
          null,
          null,
          null,
          null,
          1,
          1,
          1,
          null,
          null,
          1,
          2,
          2,
          null,
          1,
          1,
          1,
          null,
          null,
          null,
          null,
          null
        ]
      },
      "/home/ceejayski/sample-ruby/tradelink-assesment/server/app/services/available_time_slot_generator_service.rb": {
        "lines": [
          1,
          1,
          null,
          1,
          null,
          1,
          17,
          17,
          17,
          null,
          null,
          1,
          null,
          null,
          null,
          1,
          6,
          6,
          6,
          null,
          6,
          576,
          576,
          null,
          null,
          6,
          6,
          null,
          null,
          null,
          1,
          10,
          null,
          10,
          null,
          null,
          null,
          1,
          6,
          6,
          4,
          4,
          4,
          4,
          2,
          null,
          2,
          null,
          null,
          6,
          null,
          null,
          null,
          1,
          4,
          4,
          4,
          0,
          4,
          2,
          null,
          null,
          4,
          0,
          0,
          null,
          0,
          null,
          null,
          4,
          null,
          1,
          null,
          3,
          null,
          null,
          null,
          1,
          7,
          7,
          null,
          7,
          2,
          2,
          0,
          null,
          null,
          2,
          2,
          2,
          2,
          2,
          88,
          88,
          null,
          null,
          2,
          null,
          null,
          null,
          null,
          null
        ]
      },
      "/home/ceejayski/sample-ruby/tradelink-assesment/server/app/controllers/book_slots_controller.rb": {
        "lines": [
          1,
          null,
          null,
          null,
          null,
          null,
          1,
          null,
          5,
          5,
          null,
          5,
          null,
          5,
          null,
          null,
          null,
          null,
          null,
          null,
          null,
          null,
          null,
          1,
          2,
          2,
          2,
          1,
          1,
          1,
          1,
          null,
          null,
          1,
          null,
          null,
          1,
          null,
          null,
          1,
          2,
          null,
          null,
          1,
          6,
          null,
          null
        ]
      },
      "/home/ceejayski/sample-ruby/tradelink-assesment/server/app/controllers/application_controller.rb": {
        "lines": [
          1,
          null
        ]
      }
    },
    "timestamp": 1663576304
  }
}
