{
  "RSpec": {
    "coverage": {
      "/home/ceejayski/sample-ruby/tradelink-assesment/server/app/channels/slot_booker_channel.rb": {
        "lines": [
          1,
          1,
          0,
          0,
          0,
          0,
          null,
          null,
          1,
          0,
          null,
          null,
          null,
          null
        ]
      },
      "/home/ceejayski/sample-ruby/tradelink-assesment/server/app/channels/application_cable/channel.rb": {
        "lines": [
          1,
          1,
          null,
          null
        ]
      },
      "/home/ceejayski/sample-ruby/tradelink-assesment/server/spec/models/booked_slot_spec.rb": {
        "lines": [
          null,
          null,
          null,
          null,
          null,
          null,
          null,
          null,
          null,
          null,
          null,
          1,
          null,
          1,
          4,
          2,
          2,
          null,
          1,
          2,
          2,
          1,
          1,
          1,
          1,
          1,
          null,
          1,
          1,
          1,
          1,
          null,
          null,
          1,
          1,
          1,
          null,
          null,
          null,
          null,
          null,
          null
        ]
      },
      "/home/ceejayski/sample-ruby/tradelink-assesment/server/app/models/booked_slot.rb": {
        "lines": [
          null,
          null,
          null,
          null,
          null,
          null,
          null,
          null,
          null,
          null,
          null,
          1,
          null,
          1,
          null,
          null,
          null,
          1,
          1,
          1,
          null,
          null,
          1,
          21,
          19,
          1,
          null,
          null,
          null,
          null,
          null,
          1,
          16,
          null,
          null
        ]
      },
      "/home/ceejayski/sample-ruby/tradelink-assesment/server/app/models/application_record.rb": {
        "lines": [
          1,
          1,
          null
        ]
      },
      "/home/ceejayski/sample-ruby/tradelink-assesment/server/spec/services/available_time_slot_generator_service_spec.rb": {
        "lines": [
          1,
          null,
          1,
          8,
          13,
          8,
          null,
          1,
          1,
          1,
          null,
          null,
          null,
          1,
          1,
          null,
          1,
          1,
          null,
          null,
          null,
          1,
          6,
          6,
          6,
          null,
          1,
          1,
          1,
          null,
          null,
          1,
          1,
          1,
          null,
          null,
          1,
          1,
          1,
          1,
          null,
          null,
          1,
          1,
          1,
          1,
          null,
          null,
          1,
          1,
          1,
          1,
          null,
          null,
          null,
          null,
          1,
          2,
          2,
          2,
          null,
          1,
          1,
          null,
          null,
          null,
          null,
          1,
          2,
          3,
          null,
          1,
          1,
          1,
          null,
          null,
          1,
          2,
          null,
          null,
          null,
          null,
          1,
          1,
          1,
          null,
          null,
          1,
          2,
          2,
          null,
          1,
          1,
          1,
          null,
          null,
          null,
          null,
          null
        ]
      },
      "/home/ceejayski/sample-ruby/tradelink-assesment/server/app/services/available_time_slot_generator_service.rb": {
        "lines": [
          1,
          1,
          null,
          1,
          null,
          1,
          12,
          12,
          12,
          null,
          null,
          null,
          1,
          null,
          null,
          1,
          2,
          2,
          2,
          null,
          2,
          192,
          192,
          null,
          null,
          2,
          2,
          null,
          null,
          null,
          1,
          11,
          null,
          null,
          null,
          11,
          null,
          null,
          null,
          11,
          null,
          null,
          null,
          11,
          0,
          11,
          0,
          null,
          null,
          11,
          null,
          null,
          null,
          1,
          6,
          6,
          4,
          4,
          4,
          4,
          2,
          null,
          2,
          null,
          null,
          6,
          null,
          null,
          null,
          1,
          3,
          3,
          null,
          null,
          1,
          3,
          3,
          0,
          3,
          1,
          null,
          null,
          3,
          0,
          0,
          null,
          0,
          null,
          null,
          3,
          null,
          1,
          null,
          2,
          null,
          null,
          1,
          2,
          2,
          null,
          2,
          null,
          1,
          1,
          0,
          null,
          null,
          1,
          1,
          1,
          1,
          1,
          44,
          44,
          null,
          null,
          1,
          null,
          null
        ]
      }
    },
    "timestamp": 1663591043
  }
}
